TN:
SF:src\services\store.ts
FN:29,useDispatch
FNF:1
FNH:0
FNDA:0,useDispatch
DA:1,1
DA:2,1
DA:3,1
DA:4,1
DA:5,1
DA:6,1
DA:7,1
DA:8,1
DA:9,1
DA:10,1
DA:11,1
DA:12,1
DA:13,1
DA:14,1
DA:15,1
DA:16,1
DA:17,1
DA:18,1
DA:19,1
DA:20,1
DA:21,1
DA:22,1
DA:23,1
DA:24,1
DA:25,1
DA:26,1
DA:27,1
DA:28,1
DA:29,1
DA:30,1
LF:30
LH:30
BRF:0
BRH:0
end_of_record
TN:
SF:src\services\slices\constructorSlice.ts
FN:24,reducer
FN:31,prepare
FN:38,moveIngredientUp
FN:52,moveIngredientDown
FN:66,removeIngredient
FN:74,clearConstructor
FN:80,selectConstructorItems
FNF:7
FNH:5
FNDA:3,reducer
FNDA:3,prepare
FNDA:2,moveIngredientUp
FNDA:2,moveIngredientDown
FNDA:1,removeIngredient
FNDA:0,clearConstructor
FNDA:0,selectConstructorItems
DA:1,1
DA:2,1
DA:3,1
DA:4,1
DA:5,1
DA:6,1
DA:7,1
DA:8,1
DA:9,1
DA:10,1
DA:11,1
DA:12,1
DA:13,1
DA:14,1
DA:15,1
DA:16,1
DA:17,1
DA:18,1
DA:19,1
DA:20,1
DA:21,1
DA:22,1
DA:23,1
DA:24,1
DA:25,3
DA:26,1
DA:27,3
DA:28,2
DA:29,2
DA:30,1
DA:31,1
DA:32,3
DA:33,3
DA:34,3
DA:35,1
DA:36,1
DA:37,1
DA:38,1
DA:39,2
DA:40,2
DA:41,1
DA:42,1
DA:43,1
DA:44,1
DA:45,1
DA:46,1
DA:47,1
DA:48,1
DA:49,1
DA:50,1
DA:51,1
DA:52,1
DA:53,2
DA:54,2
DA:55,1
DA:56,1
DA:57,1
DA:58,1
DA:59,1
DA:60,1
DA:61,1
DA:62,1
DA:63,1
DA:64,1
DA:65,1
DA:66,1
DA:67,1
DA:68,1
DA:69,1
DA:70,1
DA:71,1
DA:72,1
DA:73,1
DA:74,1
DA:75,0
DA:76,0
DA:77,0
DA:78,1
DA:79,1
DA:80,1
DA:81,1
DA:82,1
DA:83,1
DA:84,1
DA:85,1
DA:86,1
DA:87,1
DA:88,1
DA:89,1
DA:90,1
DA:91,1
DA:92,1
DA:93,1
DA:94,1
LF:94
LH:91
BRDA:24,0,0,3
BRDA:25,1,0,1
BRDA:27,2,0,2
BRDA:31,3,0,3
BRDA:38,4,0,2
BRDA:40,5,0,1
BRDA:52,6,0,2
BRDA:54,7,0,1
BRDA:66,8,0,1
BRDA:69,9,0,1
BRF:10
BRH:10
end_of_record
TN:
SF:src\services\slices\index.ts
FN:1,get
FN:2,get
FN:3,get
FN:4,get
FNF:4
FNH:4
FNDA:11,get
FNDA:37,get
FNDA:51,get
FNDA:17,get
DA:1,11
DA:2,37
DA:3,51
DA:4,17
LF:4
LH:4
BRDA:1,0,0,25
BRDA:1,1,0,0
BRDA:1,2,0,0
BRDA:1,3,0,0
BRDA:1,4,0,11
BRDA:2,5,0,90
BRDA:2,6,0,0
BRDA:2,7,0,0
BRDA:2,8,0,0
BRDA:2,9,0,37
BRDA:3,10,0,60
BRDA:3,11,0,0
BRDA:3,12,0,0
BRDA:3,13,0,0
BRDA:3,14,0,51
BRDA:4,15,0,35
BRDA:4,16,0,0
BRDA:4,17,0,0
BRDA:4,18,0,0
BRDA:4,19,0,17
BRF:20
BRH:8
end_of_record
TN:
SF:src\services\slices\ingredientsSlice.ts
FN:2,_regeneratorRuntime
FN:2,o
FN:2,define
FN:2,define
FN:2,wrap
FN:2,tryCatch
FN:2,Generator
FN:2,GeneratorFunction
FN:2,GeneratorFunctionPrototype
FN:2,defineIteratorMethods
FN:2,AsyncIterator
FN:2,makeInvokeMethod
FN:2,maybeInvokeDelegate
FN:2,pushTryEntry
FN:2,resetTryEntry
FN:2,Context
FN:2,values
FN:2,next
FN:2,e.isGeneratorFunction
FN:2,e.mark
FN:2,e.awrap
FN:2,e.async
FN:2,e.keys
FN:2,reset
FN:2,stop
FN:2,dispatchException
FN:2,handle
FN:2,abrupt
FN:2,complete
FN:2,finish
FN:2,_catch
FN:2,delegateYield
FN:2,asyncGeneratorStep
FN:2,_asyncToGenerator
FN:2,_next
FN:2,_throw
FN:21,_callee
FN:21,_callee$
FN:35,selectIngredients
FN:36,selectIsIngredientsLoading
FN:37,selectIngredientsError
FN:39,extraReducers
FNF:42
FNH:25
FNDA:2,_regeneratorRuntime
FNDA:0,o
FNDA:65,define
FNDA:0,define
FNDA:2,wrap
FNDA:6,tryCatch
FNDA:0,Generator
FNDA:0,GeneratorFunction
FNDA:0,GeneratorFunctionPrototype
FNDA:10,defineIteratorMethods
FNDA:0,AsyncIterator
FNDA:2,makeInvokeMethod
FNDA:0,maybeInvokeDelegate
FNDA:2,pushTryEntry
FNDA:5,resetTryEntry
FNDA:2,Context
FNDA:5,values
FNDA:0,next
FNDA:0,e.isGeneratorFunction
FNDA:5,e.mark
FNDA:0,e.awrap
FNDA:0,e.async
FNDA:0,e.keys
FNDA:2,reset
FNDA:2,stop
FNDA:1,dispatchException
FNDA:1,handle
FNDA:4,abrupt
FNDA:4,complete
FNDA:0,finish
FNDA:1,_catch
FNDA:0,delegateYield
FNDA:4,asyncGeneratorStep
FNDA:5,_asyncToGenerator
FNDA:3,_next
FNDA:1,_throw
FNDA:2,_callee
FNDA:6,_callee$
FNDA:0,selectIngredients
FNDA:0,selectIsIngredientsLoading
FNDA:0,selectIngredientsError
FNDA:2,extraReducers
DA:1,1
DA:2,1
DA:3,1
DA:4,1
DA:5,1
DA:6,1
DA:7,1
DA:8,1
DA:9,1
DA:10,1
DA:11,1
DA:12,1
DA:13,1
DA:14,1
DA:15,1
DA:16,1
DA:17,1
DA:18,1
DA:19,1
DA:20,1
DA:21,1
DA:22,2
DA:23,2
DA:24,1
DA:25,1
DA:26,1
DA:27,5
DA:28,1
DA:29,1
DA:30,1
DA:31,1
DA:32,1
DA:33,1
DA:34,1
DA:35,1
DA:36,1
DA:37,1
DA:38,1
DA:39,1
DA:40,2
DA:41,2
DA:42,3
DA:43,3
DA:44,2
DA:45,2
DA:46,2
DA:47,2
DA:48,2
DA:49,2
DA:50,2
DA:51,2
DA:52,2
DA:53,2
DA:54,1
DA:55,1
DA:56,1
DA:57,1
DA:58,1
DA:59,1
DA:60,1
DA:61,1
LF:61
LH:61
BRDA:2,0,0,0
BRDA:2,1,0,0
BRDA:2,2,0,0
BRDA:2,3,0,0
BRDA:2,4,0,0
BRDA:2,5,0,0
BRDA:2,6,0,2
BRDA:2,7,0,65
BRDA:2,8,0,2
BRDA:2,9,0,0
BRDA:2,10,0,0
BRDA:2,11,0,6
BRDA:2,12,0,0
BRDA:2,13,0,10
BRDA:2,14,0,30
BRDA:2,15,0,4
BRDA:2,16,0,2
BRDA:2,17,0,4
BRDA:2,18,0,0
BRDA:2,19,0,0
BRDA:2,20,0,6
BRDA:2,21,0,0
BRDA:2,22,0,3
BRDA:2,23,0,1
BRDA:2,24,0,0
BRDA:2,25,0,2
BRDA:2,26,0,2
BRDA:2,27,0,4
BRDA:2,28,0,2
BRDA:2,29,0,4
BRDA:2,30,0,0
BRDA:2,31,0,2
BRDA:2,32,0,0
BRDA:2,33,0,5
BRDA:2,34,0,4
BRDA:2,35,0,2
BRDA:2,36,0,5
BRDA:2,37,0,0
BRDA:2,38,0,0
BRDA:2,39,0,0
BRDA:2,40,0,5
BRDA:2,41,0,0
BRDA:2,42,0,2
BRDA:2,43,0,0
BRDA:2,44,0,2
BRDA:2,45,0,0
BRDA:2,46,0,1
BRDA:2,47,0,0
BRDA:2,48,0,0
BRDA:2,49,0,0
BRDA:2,50,0,0
BRDA:2,51,0,1
BRDA:2,52,0,4
BRDA:2,53,0,8
BRDA:2,54,0,4
BRDA:2,55,0,0
BRDA:2,56,0,0
BRDA:2,57,0,0
BRDA:2,58,0,0
BRDA:2,59,0,0
BRDA:2,60,0,0
BRDA:2,61,0,0
BRDA:2,62,0,0
BRDA:2,63,0,4
BRDA:2,64,0,0
BRDA:2,65,0,0
BRDA:2,66,0,0
BRDA:2,67,0,1
BRDA:2,68,0,0
BRDA:2,69,0,4
BRDA:2,70,0,0
BRDA:2,71,0,2
BRDA:2,72,0,5
BRDA:2,73,0,2
BRDA:2,74,0,2
BRDA:2,75,0,3
BRDA:2,76,0,1
BRDA:21,77,0,5
BRDA:21,78,0,2
BRDA:21,79,0,6
BRDA:21,80,0,2
BRDA:23,81,0,1
BRDA:23,82,0,1
BRDA:26,83,0,0
BRDA:26,84,0,0
BRDA:26,85,0,2
BRDA:28,86,0,2
BRDA:39,87,0,2
BRDA:41,88,0,3
BRDA:45,89,0,2
BRDA:49,90,0,2
BRDA:51,91,0,0
BRF:92
BRH:51
end_of_record
TN:
SF:src\services\slices\ordersSlice.ts
FN:2,asyncGeneratorStep
FN:2,_asyncToGenerator
FN:2,_next
FN:2,_throw
FN:58,_callee
FN:58,_callee$
FN:71,_callee2
FN:71,_callee2$
FN:84,_callee3
FN:97,_callee4
FN:97,_callee4$
FN:110,setShowModal
FN:116,selectFeedOrders
FN:117,selectFeedTotal
FN:118,selectFeedTotalToday
FN:119,selectIsFeedLoading
FN:120,selectFeedError
FN:123,selectNewOrder
FN:124,selectUserOrders
FN:125,selectNewOrderLoading
FN:126,selectNewOrderError
FN:127,selectShowModal
FN:130,selectCurrentOrder
FN:131,selectIsOrderInfoLoading
FN:132,selectOrderInfoError
FN:134,extraReducers
FNF:26
FNH:11
FNDA:12,asyncGeneratorStep
FNDA:20,_asyncToGenerator
FNDA:9,_next
FNDA:3,_throw
FNDA:2,_callee
FNDA:6,_callee$
FNDA:2,_callee2
FNDA:6,_callee2$
FNDA:0,_callee3
FNDA:2,_callee4
FNDA:6,_callee4$
FNDA:0,setShowModal
FNDA:0,selectFeedOrders
FNDA:0,selectFeedTotal
FNDA:0,selectFeedTotalToday
FNDA:0,selectIsFeedLoading
FNDA:0,selectFeedError
FNDA:0,selectNewOrder
FNDA:0,selectUserOrders
FNDA:0,selectNewOrderLoading
FNDA:0,selectNewOrderError
FNDA:0,selectShowModal
FNDA:0,selectCurrentOrder
FNDA:0,selectIsOrderInfoLoading
FNDA:0,selectOrderInfoError
FNDA:2,extraReducers
DA:1,1
DA:2,3
DA:3,1
DA:4,1
DA:5,1
DA:6,1
DA:7,1
DA:8,1
DA:9,1
DA:10,1
DA:11,1
DA:12,1
DA:13,1
DA:14,1
DA:15,1
DA:16,1
DA:17,1
DA:18,1
DA:19,1
DA:20,1
DA:21,1
DA:22,1
DA:23,1
DA:24,1
DA:25,1
DA:26,1
DA:27,1
DA:28,1
DA:29,1
DA:30,1
DA:31,1
DA:32,1
DA:33,1
DA:34,1
DA:35,1
DA:36,1
DA:37,1
DA:38,1
DA:39,1
DA:40,1
DA:41,1
DA:42,1
DA:43,1
DA:44,1
DA:45,1
DA:46,1
DA:47,1
DA:48,1
DA:49,1
DA:50,1
DA:51,1
DA:52,1
DA:53,1
DA:54,1
DA:55,1
DA:56,1
DA:57,1
DA:58,1
DA:59,2
DA:60,2
DA:61,1
DA:62,1
DA:63,1
DA:64,5
DA:65,1
DA:66,1
DA:67,1
DA:68,1
DA:69,1
DA:70,1
DA:71,1
DA:72,2
DA:73,2
DA:74,1
DA:75,1
DA:76,1
DA:77,5
DA:78,1
DA:79,1
DA:80,1
DA:81,1
DA:82,1
DA:83,1
DA:84,1
DA:85,0
DA:86,0
DA:87,0
DA:88,0
DA:89,0
DA:90,5
DA:91,1
DA:92,1
DA:93,1
DA:94,1
DA:95,1
DA:96,1
DA:97,1
DA:98,2
DA:99,2
DA:100,1
DA:101,1
DA:102,1
DA:103,5
DA:104,1
DA:105,1
DA:106,1
DA:107,1
DA:108,1
DA:109,1
DA:110,1
DA:111,0
DA:112,0
DA:113,1
DA:114,1
DA:115,1
DA:116,1
DA:117,1
DA:118,1
DA:119,1
DA:120,1
DA:121,1
DA:122,1
DA:123,1
DA:124,1
DA:125,1
DA:126,1
DA:127,1
DA:128,1
DA:129,1
DA:130,1
DA:131,1
DA:132,1
DA:133,1
DA:134,1
DA:135,2
DA:136,2
DA:137,2
DA:138,3
DA:139,3
DA:140,3
DA:141,2
DA:142,2
DA:143,2
DA:144,2
DA:145,2
DA:146,2
DA:147,2
DA:148,2
DA:149,2
DA:150,2
DA:151,2
DA:152,2
DA:153,2
DA:154,1
DA:155,1
DA:156,2
DA:157,2
DA:158,1
DA:159,1
DA:160,2
DA:161,2
DA:162,1
DA:163,1
DA:164,2
DA:165,2
DA:166,2
DA:167,2
DA:168,3
DA:169,3
DA:170,3
DA:171,3
DA:172,2
DA:173,2
DA:174,2
DA:175,2
DA:176,2
DA:177,2
DA:178,2
DA:179,2
DA:180,2
DA:181,2
DA:182,2
DA:183,2
DA:184,3
DA:185,3
DA:186,3
DA:187,2
DA:188,2
DA:189,2
DA:190,2
DA:191,2
DA:192,2
DA:193,2
DA:194,2
DA:195,2
DA:196,2
DA:197,1
DA:198,1
DA:199,1
DA:200,1
DA:201,1
DA:202,1
DA:203,1
DA:204,1
DA:205,1
DA:206,1
DA:207,1
DA:208,1
DA:209,1
DA:210,1
DA:211,1
DA:212,1
DA:213,1
DA:214,1
DA:215,1
LF:215
LH:208
BRDA:2,0,0,12
BRDA:2,1,0,0
BRDA:2,2,0,6
BRDA:2,3,0,20
BRDA:2,4,0,6
BRDA:2,5,0,6
BRDA:2,6,0,9
BRDA:2,7,0,3
BRDA:58,8,0,5
BRDA:58,9,0,2
BRDA:58,10,0,6
BRDA:58,11,0,2
BRDA:60,12,0,1
BRDA:60,13,0,1
BRDA:63,14,0,0
BRDA:63,15,0,0
BRDA:63,16,0,2
BRDA:65,17,0,2
BRDA:71,18,0,5
BRDA:71,19,0,2
BRDA:71,20,0,6
BRDA:71,21,0,2
BRDA:73,22,0,1
BRDA:73,23,0,1
BRDA:76,24,0,0
BRDA:76,25,0,0
BRDA:76,26,0,2
BRDA:78,27,0,2
BRDA:84,28,0,5
BRDA:97,29,0,5
BRDA:97,30,0,2
BRDA:97,31,0,6
BRDA:97,32,0,2
BRDA:99,33,0,1
BRDA:99,34,0,1
BRDA:102,35,0,0
BRDA:102,36,0,0
BRDA:102,37,0,2
BRDA:104,38,0,2
BRDA:134,39,0,2
BRDA:137,40,0,3
BRDA:142,41,0,2
BRDA:148,42,0,2
BRDA:150,43,0,0
BRDA:153,44,0,1
BRDA:157,45,0,1
BRDA:161,46,0,1
BRDA:163,47,0,0
BRDA:167,48,0,3
BRDA:173,49,0,2
BRDA:177,50,0,2
BRDA:179,51,0,0
BRDA:183,52,0,3
BRDA:188,53,0,2
BRDA:192,54,0,2
BRDA:194,55,0,0
BRF:56
BRH:45
end_of_record
TN:
SF:src\services\slices\userSlice.ts
FN:2,asyncGeneratorStep
FN:2,_asyncToGenerator
FN:2,_next
FN:2,_throw
FN:31,_callee
FN:31,_callee$
FN:47,_callee2
FN:47,_callee2$
FN:63,_callee3
FN:63,_callee3$
FN:79,_callee4
FN:79,_callee4$
FN:93,_callee5
FN:106,_callee6
FN:119,_callee7
FN:119,_callee7$
FN:136,selectUser
FN:137,selectIsUserLoading
FN:138,selectUserError
FN:139,selectIsAuth
FN:141,extraReducers
FNF:21
FNH:15
FNDA:20,asyncGeneratorStep
FNDA:35,_asyncToGenerator
FNDA:15,_next
FNDA:5,_throw
FNDA:2,_callee
FNDA:6,_callee$
FNDA:2,_callee2
FNDA:6,_callee2$
FNDA:2,_callee3
FNDA:6,_callee3$
FNDA:2,_callee4
FNDA:6,_callee4$
FNDA:0,_callee5
FNDA:0,_callee6
FNDA:2,_callee7
FNDA:6,_callee7$
FNDA:0,selectUser
FNDA:0,selectIsUserLoading
FNDA:0,selectUserError
FNDA:0,selectIsAuth
FNDA:2,extraReducers
DA:1,1
DA:2,5
DA:3,1
DA:4,1
DA:5,1
DA:6,1
DA:7,1
DA:8,1
DA:9,1
DA:10,1
DA:11,1
DA:12,1
DA:13,1
DA:14,1
DA:15,1
DA:16,1
DA:17,1
DA:18,1
DA:19,1
DA:20,1
DA:21,1
DA:22,1
DA:23,1
DA:24,1
DA:25,1
DA:26,1
DA:27,1
DA:28,1
DA:29,1
DA:30,1
DA:31,1
DA:32,2
DA:33,2
DA:34,1
DA:35,1
DA:36,1
DA:37,1
DA:38,1
DA:39,1
DA:40,5
DA:41,1
DA:42,1
DA:43,1
DA:44,1
DA:45,1
DA:46,1
DA:47,1
DA:48,2
DA:49,2
DA:50,1
DA:51,1
DA:52,1
DA:53,1
DA:54,1
DA:55,1
DA:56,5
DA:57,1
DA:58,1
DA:59,1
DA:60,1
DA:61,1
DA:62,1
DA:63,1
DA:64,2
DA:65,2
DA:66,1
DA:67,1
DA:68,1
DA:69,1
DA:70,1
DA:71,1
DA:72,5
DA:73,1
DA:74,1
DA:75,1
DA:76,1
DA:77,1
DA:78,1
DA:79,1
DA:80,2
DA:81,2
DA:82,1
DA:83,1
DA:84,1
DA:85,1
DA:86,5
DA:87,1
DA:88,1
DA:89,1
DA:90,1
DA:91,1
DA:92,1
DA:93,1
DA:94,0
DA:95,0
DA:96,0
DA:97,0
DA:98,0
DA:99,5
DA:100,1
DA:101,1
DA:102,1
DA:103,1
DA:104,1
DA:105,1
DA:106,1
DA:107,0
DA:108,0
DA:109,0
DA:110,0
DA:111,0
DA:112,5
DA:113,1
DA:114,1
DA:115,1
DA:116,1
DA:117,1
DA:118,1
DA:119,1
DA:120,2
DA:121,2
DA:122,1
DA:123,1
DA:124,1
DA:125,1
DA:126,1
DA:127,1
DA:128,5
DA:129,1
DA:130,1
DA:131,1
DA:132,1
DA:133,1
DA:134,1
DA:135,1
DA:136,1
DA:137,1
DA:138,1
DA:139,1
DA:140,1
DA:141,1
DA:142,2
DA:143,2
DA:144,2
DA:145,3
DA:146,3
DA:147,2
DA:148,2
DA:149,2
DA:150,2
DA:151,2
DA:152,2
DA:153,2
DA:154,2
DA:155,2
DA:156,2
DA:157,2
DA:158,2
DA:159,3
DA:160,3
DA:161,2
DA:162,2
DA:163,2
DA:164,2
DA:165,2
DA:166,2
DA:167,2
DA:168,2
DA:169,2
DA:170,2
DA:171,2
DA:172,2
DA:173,3
DA:174,3
DA:175,2
DA:176,2
DA:177,2
DA:178,2
DA:179,2
DA:180,2
DA:181,2
DA:182,2
DA:183,2
DA:184,2
DA:185,2
DA:186,2
DA:187,3
DA:188,3
DA:189,2
DA:190,2
DA:191,2
DA:192,2
DA:193,2
DA:194,2
DA:195,2
DA:196,2
DA:197,2
DA:198,2
DA:199,2
DA:200,2
DA:201,3
DA:202,3
DA:203,2
DA:204,2
DA:205,2
DA:206,2
DA:207,2
DA:208,2
DA:209,2
DA:210,2
DA:211,2
DA:212,2
DA:213,1
DA:214,1
DA:215,1
DA:216,1
DA:217,1
DA:218,1
DA:219,1
DA:220,1
DA:221,1
DA:222,1
LF:222
LH:212
BRDA:2,0,0,20
BRDA:2,1,0,0
BRDA:2,2,0,10
BRDA:2,3,0,35
BRDA:2,4,0,10
BRDA:2,5,0,10
BRDA:2,6,0,15
BRDA:2,7,0,5
BRDA:31,8,0,5
BRDA:31,9,0,2
BRDA:31,10,0,6
BRDA:31,11,0,2
BRDA:33,12,0,1
BRDA:36,13,0,1
BRDA:39,14,0,0
BRDA:39,15,0,0
BRDA:39,16,0,2
BRDA:41,17,0,2
BRDA:47,18,0,5
BRDA:47,19,0,2
BRDA:47,20,0,6
BRDA:47,21,0,2
BRDA:49,22,0,1
BRDA:52,23,0,1
BRDA:55,24,0,0
BRDA:55,25,0,0
BRDA:55,26,0,2
BRDA:57,27,0,2
BRDA:63,28,0,5
BRDA:63,29,0,2
BRDA:63,30,0,6
BRDA:63,31,0,2
BRDA:65,32,0,1
BRDA:68,33,0,1
BRDA:71,34,0,0
BRDA:71,35,0,0
BRDA:71,36,0,2
BRDA:73,37,0,2
BRDA:79,38,0,5
BRDA:79,39,0,2
BRDA:79,40,0,6
BRDA:79,41,0,2
BRDA:81,42,0,1
BRDA:82,43,0,1
BRDA:85,44,0,0
BRDA:85,45,0,0
BRDA:85,46,0,2
BRDA:87,47,0,2
BRDA:93,48,0,5
BRDA:106,49,0,5
BRDA:119,50,0,5
BRDA:119,51,0,2
BRDA:119,52,0,6
BRDA:119,53,0,2
BRDA:121,54,0,1
BRDA:122,55,0,1
BRDA:126,56,0,0
BRDA:127,57,0,0
BRDA:127,58,0,2
BRDA:129,59,0,2
BRDA:141,60,0,2
BRDA:144,61,0,3
BRDA:148,62,0,2
BRDA:152,63,0,2
BRDA:154,64,0,0
BRDA:158,65,0,3
BRDA:162,66,0,2
BRDA:166,67,0,2
BRDA:168,68,0,0
BRDA:172,69,0,3
BRDA:176,70,0,2
BRDA:180,71,0,2
BRDA:182,72,0,0
BRDA:186,73,0,3
BRDA:190,74,0,2
BRDA:194,75,0,2
BRDA:196,76,0,0
BRDA:200,77,0,3
BRDA:204,78,0,2
BRDA:208,79,0,2
BRDA:210,80,0,0
BRF:81
BRH:65
end_of_record
TN:
SF:src\utils\burger-api.ts
FN:2,_regeneratorRuntime
FN:2,_regeneratorRuntime
FN:2,o
FN:2,define
FN:2,define
FN:2,wrap
FN:2,tryCatch
FN:2,Generator
FN:2,GeneratorFunction
FN:2,GeneratorFunctionPrototype
FN:2,defineIteratorMethods
FN:2,AsyncIterator
FN:2,makeInvokeMethod
FN:2,maybeInvokeDelegate
FN:2,pushTryEntry
FN:2,resetTryEntry
FN:2,Context
FN:2,values
FN:2,next
FN:2,e.isGeneratorFunction
FN:2,e.mark
FN:2,e.awrap
FN:2,e.async
FN:2,e.keys
FN:2,reset
FN:2,stop
FN:2,dispatchException
FN:2,handle
FN:2,abrupt
FN:2,complete
FN:2,finish
FN:2,_catch
FN:2,delegateYield
FN:2,asyncGeneratorStep
FN:2,_asyncToGenerator
FN:2,_next
FN:2,_throw
FN:6,checkResponse
FN:18,refreshToken
FN:38,_callee
FN:41,_callee$
FN:74,getIngredientsApi
FN:82,getFeedsApi
FN:90,getOrdersApi
FN:107,orderBurgerApi
FN:126,getOrderByNumberApi
FN:146,registerUserApi
FN:165,loginUserApi
FN:179,forgotPasswordApi
FN:193,resetPasswordApi
FN:209,getUserApi
FN:216,updateUserApi
FN:226,logoutApi
FNF:53
FNH:35
FNDA:5,_regeneratorRuntime
FNDA:6,_regeneratorRuntime
FNDA:0,o
FNDA:65,define
FNDA:0,define
FNDA:6,wrap
FNDA:21,tryCatch
FNDA:0,Generator
FNDA:0,GeneratorFunction
FNDA:0,GeneratorFunctionPrototype
FNDA:10,defineIteratorMethods
FNDA:0,AsyncIterator
FNDA:6,makeInvokeMethod
FNDA:0,maybeInvokeDelegate
FNDA:6,pushTryEntry
FNDA:15,resetTryEntry
FNDA:6,Context
FNDA:5,values
FNDA:0,next
FNDA:0,e.isGeneratorFunction
FNDA:5,e.mark
FNDA:0,e.awrap
FNDA:0,e.async
FNDA:0,e.keys
FNDA:6,reset
FNDA:6,stop
FNDA:3,dispatchException
FNDA:3,handle
FNDA:12,abrupt
FNDA:12,complete
FNDA:0,finish
FNDA:3,_catch
FNDA:0,delegateYield
FNDA:15,asyncGeneratorStep
FNDA:5,_asyncToGenerator
FNDA:12,_next
FNDA:3,_throw
FNDA:9,checkResponse
FNDA:0,refreshToken
FNDA:6,_callee
FNDA:21,_callee$
FNDA:2,getIngredientsApi
FNDA:2,getFeedsApi
FNDA:0,getOrdersApi
FNDA:2,orderBurgerApi
FNDA:2,getOrderByNumberApi
FNDA:2,registerUserApi
FNDA:2,loginUserApi
FNDA:0,forgotPasswordApi
FNDA:0,resetPasswordApi
FNDA:2,getUserApi
FNDA:2,updateUserApi
FNDA:2,logoutApi
DA:1,1
DA:2,3
DA:3,1
DA:4,1
DA:5,1
DA:6,1
DA:7,9
DA:8,1
DA:9,1
DA:10,1
DA:11,1
DA:12,1
DA:13,1
DA:14,1
DA:15,1
DA:16,1
DA:17,1
DA:18,1
DA:19,0
DA:20,0
DA:21,0
DA:22,0
DA:23,0
DA:24,0
DA:25,0
DA:26,0
DA:27,0
DA:28,0
DA:29,0
DA:30,0
DA:31,0
DA:32,0
DA:33,0
DA:34,0
DA:35,0
DA:36,0
DA:37,1
DA:38,1
DA:39,6
DA:40,6
DA:41,6
DA:42,6
DA:43,6
DA:44,3
DA:45,3
DA:46,3
DA:47,0
DA:48,0
DA:49,0
DA:50,0
DA:51,0
DA:52,0
DA:53,0
DA:54,3
DA:55,3
DA:56,1
DA:57,1
DA:58,1
DA:59,1
DA:60,1
DA:61,1
DA:62,1
DA:63,1
DA:64,1
DA:65,1
DA:66,1
DA:67,1
DA:68,1
DA:69,1
DA:70,1
DA:71,1
DA:72,1
DA:73,1
DA:74,1
DA:75,2
DA:76,2
DA:77,2
DA:78,1
DA:79,0
DA:80,2
DA:81,1
DA:82,1
DA:83,2
DA:84,2
DA:85,2
DA:86,1
DA:87,0
DA:88,2
DA:89,1
DA:90,1
DA:91,0
DA:92,0
DA:93,0
DA:94,0
DA:95,0
DA:96,0
DA:97,0
DA:98,0
DA:99,0
DA:100,0
DA:101,1
DA:102,1
DA:103,1
DA:104,1
DA:105,1
DA:106,1
DA:107,1
DA:108,2
DA:109,2
DA:110,2
DA:111,2
DA:112,2
DA:113,2
DA:114,2
DA:115,2
DA:116,2
DA:117,2
DA:118,1
DA:119,0
DA:120,2
DA:121,1
DA:122,1
DA:123,1
DA:124,1
DA:125,1
DA:126,1
DA:127,2
DA:128,2
DA:129,2
DA:130,2
DA:131,2
DA:132,2
DA:133,1
DA:134,1
DA:135,1
DA:136,1
DA:137,1
DA:138,1
DA:139,1
DA:140,1
DA:141,1
DA:142,1
DA:143,1
DA:144,1
DA:145,1
DA:146,1
DA:147,2
DA:148,2
DA:149,2
DA:150,2
DA:151,2
DA:152,2
DA:153,2
DA:154,2
DA:155,2
DA:156,1
DA:157,0
DA:158,2
DA:159,1
DA:160,1
DA:161,1
DA:162,1
DA:163,1
DA:164,1
DA:165,1
DA:166,2
DA:167,2
DA:168,2
DA:169,2
DA:170,2
DA:171,2
DA:172,2
DA:173,2
DA:174,2
DA:175,1
DA:176,0
DA:177,2
DA:178,1
DA:179,1
DA:180,0
DA:181,0
DA:182,0
DA:183,0
DA:184,0
DA:185,0
DA:186,0
DA:187,0
DA:188,0
DA:189,0
DA:190,0
DA:191,0
DA:192,1
DA:193,1
DA:194,0
DA:195,0
DA:196,0
DA:197,0
DA:198,0
DA:199,0
DA:200,0
DA:201,0
DA:202,0
DA:203,0
DA:204,0
DA:205,0
DA:206,1
DA:207,1
DA:208,1
DA:209,1
DA:210,2
DA:211,2
DA:212,2
DA:213,2
DA:214,2
DA:215,1
DA:216,1
DA:217,2
DA:218,2
DA:219,2
DA:220,2
DA:221,2
DA:222,2
DA:223,2
DA:224,2
DA:225,1
DA:226,1
DA:227,2
DA:228,2
DA:229,2
DA:230,2
DA:231,2
DA:232,2
DA:233,2
DA:234,2
DA:235,2
LF:235
LH:171
BRDA:2,0,0,5
BRDA:2,1,0,0
BRDA:2,2,0,0
BRDA:2,3,0,0
BRDA:2,4,0,0
BRDA:2,5,0,0
BRDA:2,6,0,0
BRDA:2,7,0,6
BRDA:2,8,0,65
BRDA:2,9,0,6
BRDA:2,10,0,0
BRDA:2,11,0,0
BRDA:2,12,0,21
BRDA:2,13,0,0
BRDA:2,14,0,10
BRDA:2,15,0,30
BRDA:2,16,0,15
BRDA:2,17,0,6
BRDA:2,18,0,15
BRDA:2,19,0,0
BRDA:2,20,0,0
BRDA:2,21,0,21
BRDA:2,22,0,0
BRDA:2,23,0,12
BRDA:2,24,0,9
BRDA:2,25,0,3
BRDA:2,26,0,0
BRDA:2,27,0,6
BRDA:2,28,0,6
BRDA:2,29,0,15
BRDA:2,30,0,6
BRDA:2,31,0,15
BRDA:2,32,0,0
BRDA:2,33,0,6
BRDA:2,34,0,0
BRDA:2,35,0,15
BRDA:2,36,0,12
BRDA:2,37,0,6
BRDA:2,38,0,5
BRDA:2,39,0,0
BRDA:2,40,0,0
BRDA:2,41,0,0
BRDA:2,42,0,5
BRDA:2,43,0,0
BRDA:2,44,0,6
BRDA:2,45,0,0
BRDA:2,46,0,6
BRDA:2,47,0,0
BRDA:2,48,0,3
BRDA:2,49,0,0
BRDA:2,50,0,0
BRDA:2,51,0,0
BRDA:2,52,0,0
BRDA:2,53,0,3
BRDA:2,54,0,12
BRDA:2,55,0,24
BRDA:2,56,0,12
BRDA:2,57,0,0
BRDA:2,58,0,0
BRDA:2,59,0,0
BRDA:2,60,0,0
BRDA:2,61,0,0
BRDA:2,62,0,0
BRDA:2,63,0,0
BRDA:2,64,0,0
BRDA:2,65,0,12
BRDA:2,66,0,0
BRDA:2,67,0,0
BRDA:2,68,0,0
BRDA:2,69,0,3
BRDA:2,70,0,0
BRDA:2,71,0,15
BRDA:2,72,0,0
BRDA:2,73,0,6
BRDA:2,74,0,9
BRDA:2,75,0,5
BRDA:2,76,0,6
BRDA:2,77,0,6
BRDA:2,78,0,12
BRDA:2,79,0,3
BRDA:6,80,0,9
BRDA:7,81,0,0
BRDA:38,82,0,5
BRDA:38,83,0,6
BRDA:41,84,0,21
BRDA:41,85,0,24
BRDA:41,86,0,6
BRDA:43,87,0,3
BRDA:44,88,0,3
BRDA:44,89,0,3
BRDA:46,90,0,0
BRDA:47,91,0,0
BRDA:52,92,0,0
BRDA:53,93,0,0
BRDA:53,94,0,3
BRDA:55,95,0,0
BRDA:55,96,0,6
BRDA:74,97,0,2
BRDA:76,98,0,1
BRDA:77,99,0,1
BRDA:78,100,0,0
BRDA:82,101,0,2
BRDA:84,102,0,1
BRDA:85,103,0,1
BRDA:86,104,0,0
BRDA:107,105,0,2
BRDA:117,106,0,1
BRDA:118,107,0,0
BRDA:126,108,0,2
BRDA:132,109,0,1
BRDA:146,110,0,2
BRDA:154,111,0,1
BRDA:155,112,0,1
BRDA:156,113,0,0
BRDA:165,114,0,2
BRDA:173,115,0,1
BRDA:174,116,0,1
BRDA:175,117,0,0
BRDA:209,118,0,2
BRDA:216,119,0,2
BRDA:226,120,0,2
BRDA:235,121,0,1
BRF:122
BRH:73
end_of_record
TN:
SF:src\utils\cookie.ts
FN:1,getCookie
FN:13,setCookie
FN:45,deleteCookie
FNF:3
FNH:0
FNDA:0,getCookie
FNDA:0,setCookie
FNDA:0,deleteCookie
DA:1,1
DA:2,0
DA:3,0
DA:4,0
DA:5,0
DA:6,0
DA:7,0
DA:8,0
DA:9,0
DA:10,0
DA:11,0
DA:12,1
DA:13,1
DA:14,0
DA:15,0
DA:16,0
DA:17,0
DA:18,0
DA:19,0
DA:20,0
DA:21,0
DA:22,0
DA:23,0
DA:24,0
DA:25,0
DA:26,0
DA:27,0
DA:28,0
DA:29,0
DA:30,0
DA:31,0
DA:32,0
DA:33,0
DA:34,0
DA:35,0
DA:36,0
DA:37,0
DA:38,0
DA:39,0
DA:40,0
DA:41,0
DA:42,0
DA:43,0
DA:44,1
DA:45,1
DA:46,0
DA:47,0
LF:47
LH:5
BRF:0
BRH:0
end_of_record
